[debug] [2023-02-11T20:01:49.667Z] ----------------------------------------------------------------------
[debug] [2023-02-11T20:01:49.669Z] Command:       C:\Program Files\nodejs\node.exe C:\Users\nagyb\AppData\Roaming\npm\node_modules\firebase-tools\lib\bin\firebase.js init
[debug] [2023-02-11T20:01:49.670Z] CLI Version:   11.22.0
[debug] [2023-02-11T20:01:49.670Z] Platform:      win32
[debug] [2023-02-11T20:01:49.670Z] Node Version:  v16.14.2
[debug] [2023-02-11T20:01:49.671Z] Time:          Sat Feb 11 2023 20:01:49 GMT+0000 (Greenwich Mean Time)
[debug] [2023-02-11T20:01:49.671Z] ----------------------------------------------------------------------
[debug] 
[debug] [2023-02-11T20:01:49.674Z] >>> [apiv2][query] GET https://firebase-public.firebaseio.com/cli.json [none]
[debug] [2023-02-11T20:01:49.694Z] > command requires scopes: ["email","openid","https://www.googleapis.com/auth/cloudplatformprojects.readonly","https://www.googleapis.com/auth/firebase","https://www.googleapis.com/auth/cloud-platform"]
[debug] [2023-02-11T20:01:49.695Z] > authorizing via signed-in user (nagybrigitta@gmail.com)
[info] 
     ######## #### ########  ######## ########     ###     ######  ########
     ##        ##  ##     ## ##       ##     ##  ##   ##  ##       ##
     ######    ##  ########  ######   ########  #########  ######  ######
     ##        ##  ##    ##  ##       ##     ## ##     ##       ## ##
     ##       #### ##     ## ######## ########  ##     ##  ######  ########

You're about to initialize a Firebase project in this directory:

  D:\SHA-Assigment\meet-app-mern

[debug] [2023-02-11T20:01:50.019Z] <<< [apiv2][status] GET https://firebase-public.firebaseio.com/cli.json 200
[debug] [2023-02-11T20:01:50.019Z] <<< [apiv2][body] GET https://firebase-public.firebaseio.com/cli.json {"cloudBuildErrorAfter":1594252800000,"cloudBuildWarnAfter":1590019200000,"defaultNode10After":1594252800000,"minVersion":"3.0.5","node8DeploysDisabledAfter":1613390400000,"node8RuntimeDisabledAfter":1615809600000,"node8WarnAfter":1600128000000}
[info] 
=== Project Setup
[info] 
[info] First, let's associate this project directory with a Firebase project.
[info] You can create multiple project aliases by running firebase use --add, 
[info] but for now we'll just set up a default project.
[info] 
[debug] [2023-02-11T20:02:52.396Z] > refreshing access token with scopes: []
[debug] [2023-02-11T20:02:52.398Z] >>> [apiv2][query] POST https://www.googleapis.com/oauth2/v3/token [none]
[debug] [2023-02-11T20:02:52.398Z] >>> [apiv2][body] POST https://www.googleapis.com/oauth2/v3/token [omitted]
[debug] [2023-02-11T20:02:52.542Z] <<< [apiv2][status] POST https://www.googleapis.com/oauth2/v3/token 200
[debug] [2023-02-11T20:02:52.542Z] <<< [apiv2][body] POST https://www.googleapis.com/oauth2/v3/token [omitted]
[debug] [2023-02-11T20:02:52.590Z] >>> [apiv2][query] GET https://firebase.googleapis.com/v1beta1/projects pageSize=100
[debug] [2023-02-11T20:02:53.127Z] <<< [apiv2][status] GET https://firebase.googleapis.com/v1beta1/projects 200
[debug] [2023-02-11T20:02:53.127Z] <<< [apiv2][body] GET https://firebase.googleapis.com/v1beta1/projects [omitted]
[info] i  Using project mern-meeting-app (Mern-Meeting-App) 
[info] 
=== Database Setup
[info] i  database: ensuring required API firebasedatabase.googleapis.com is enabled... 
[debug] [2023-02-11T20:02:59.331Z] >>> [apiv2][query] GET https://serviceusage.googleapis.com/v1/projects/mern-meeting-app/services/firebasedatabase.googleapis.com [none]
[debug] [2023-02-11T20:02:59.331Z] >>> [apiv2][(partial)header] GET https://serviceusage.googleapis.com/v1/projects/mern-meeting-app/services/firebasedatabase.googleapis.com x-goog-quota-user=projects/mern-meeting-app
[debug] [2023-02-11T20:03:00.220Z] <<< [apiv2][status] GET https://serviceusage.googleapis.com/v1/projects/mern-meeting-app/services/firebasedatabase.googleapis.com 200
[debug] [2023-02-11T20:03:00.221Z] <<< [apiv2][body] GET https://serviceusage.googleapis.com/v1/projects/mern-meeting-app/services/firebasedatabase.googleapis.com [omitted]
[warn] !  database: missing required API firebasedatabase.googleapis.com. Enabling now... 
[debug] [2023-02-11T20:03:00.221Z] >>> [apiv2][query] POST https://serviceusage.googleapis.com/v1/projects/mern-meeting-app/services/firebasedatabase.googleapis.com:enable [none]
[debug] [2023-02-11T20:03:00.221Z] >>> [apiv2][(partial)header] POST https://serviceusage.googleapis.com/v1/projects/mern-meeting-app/services/firebasedatabase.googleapis.com:enable x-goog-quota-user=projects/mern-meeting-app
[debug] [2023-02-11T20:03:01.649Z] <<< [apiv2][status] POST https://serviceusage.googleapis.com/v1/projects/mern-meeting-app/services/firebasedatabase.googleapis.com:enable 200
[debug] [2023-02-11T20:03:01.649Z] <<< [apiv2][body] POST https://serviceusage.googleapis.com/v1/projects/mern-meeting-app/services/firebasedatabase.googleapis.com:enable [omitted]
[debug] [2023-02-11T20:03:11.650Z] >>> [apiv2][query] GET https://serviceusage.googleapis.com/v1/projects/mern-meeting-app/services/firebasedatabase.googleapis.com [none]
[debug] [2023-02-11T20:03:11.650Z] >>> [apiv2][(partial)header] GET https://serviceusage.googleapis.com/v1/projects/mern-meeting-app/services/firebasedatabase.googleapis.com x-goog-quota-user=projects/mern-meeting-app
[debug] [2023-02-11T20:03:12.473Z] <<< [apiv2][status] GET https://serviceusage.googleapis.com/v1/projects/mern-meeting-app/services/firebasedatabase.googleapis.com 200
[debug] [2023-02-11T20:03:12.473Z] <<< [apiv2][body] GET https://serviceusage.googleapis.com/v1/projects/mern-meeting-app/services/firebasedatabase.googleapis.com [omitted]
[info] +  database: required API firebasedatabase.googleapis.com is enabled 
[info] 
[debug] [2023-02-11T20:03:12.477Z] >>> [apiv2][query] GET https://firebase.googleapis.com/v1beta1/projects/mern-meeting-app [none]
[debug] [2023-02-11T20:03:12.757Z] <<< [apiv2][status] GET https://firebase.googleapis.com/v1beta1/projects/mern-meeting-app 200
[debug] [2023-02-11T20:03:12.758Z] <<< [apiv2][body] GET https://firebase.googleapis.com/v1beta1/projects/mern-meeting-app {"projectId":"mern-meeting-app","projectNumber":"964246396306","displayName":"Mern-Meeting-App","name":"projects/mern-meeting-app","resources":{"hostingSite":"mern-meeting-app"},"state":"ACTIVE","etag":"1_3dca82e8-dcad-4ecc-9b46-d868aebd390b"}
